2011-08-07 09:48:13,904 INFO [org.springframework.context.support.ClassPathXmlApplicationContext] - Refreshing org.springframework.context.support.ClassPathXmlApplicationContext@74c3aa: display name [org.springframework.context.support.ClassPathXmlApplicationContext@74c3aa]; startup date [Sun Aug 07 09:48:13 CST 2011]; root of context hierarchy
2011-08-07 09:48:13,977 INFO [org.springframework.beans.factory.xml.XmlBeanDefinitionReader] - Loading XML bean definitions from URL [file:/C:/guan/project/epbpim/epbpim/build/classes/spring-defs.xml]
2011-08-07 09:48:14,042 INFO [org.springframework.context.support.ClassPathXmlApplicationContext] - Bean factory for application context [org.springframework.context.support.ClassPathXmlApplicationContext@74c3aa]: org.springframework.beans.factory.support.DefaultListableBeanFactory@497934
2011-08-07 09:48:14,057 INFO [org.springframework.beans.factory.support.DefaultListableBeanFactory] - Pre-instantiating singletons in org.springframework.beans.factory.support.DefaultListableBeanFactory@497934: defining beans [beanDefContext]; root of factory hierarchy
2011-08-07 09:48:14,099 INFO [org.springframework.context.support.ClassPathXmlApplicationContext] - Refreshing org.springframework.context.support.ClassPathXmlApplicationContext@1a082e2: display name [org.springframework.context.support.ClassPathXmlApplicationContext@1a082e2]; startup date [Sun Aug 07 09:48:14 CST 2011]; root of context hierarchy
2011-08-07 09:48:14,100 INFO [org.springframework.beans.factory.xml.XmlBeanDefinitionReader] - Loading XML bean definitions from URL [file:/C:/guan/project/epbpim/epbpim/build/classes/applicationContext.xml]
2011-08-07 09:48:14,120 INFO [org.springframework.beans.factory.xml.XmlBeanDefinitionReader] - Loading XML bean definitions from URL [file:/C:/guan/project/epbpim/epbpim/build/classes/com/ryxx/bpim/user/dao/adminrole-bean.xml]
2011-08-07 09:48:14,135 INFO [org.springframework.beans.factory.xml.XmlBeanDefinitionReader] - Loading XML bean definitions from URL [file:/C:/guan/project/epbpim/epbpim/build/classes/com/ryxx/bpim/user/dao/adminmenu-bean.xml]
2011-08-07 09:48:14,183 INFO [org.springframework.context.support.ClassPathXmlApplicationContext] - Bean factory for application context [org.springframework.context.support.ClassPathXmlApplicationContext@1a082e2]: org.springframework.beans.factory.support.DefaultListableBeanFactory@1e845c2
2011-08-07 09:48:14,238 INFO [org.springframework.beans.factory.support.DefaultListableBeanFactory] - Pre-instantiating singletons in org.springframework.beans.factory.support.DefaultListableBeanFactory@1e845c2: defining beans [dataSourceCdm,sessionFactory,transactionManagerCdm,baseTransactionProxyCdm,com.ryxx.bpim.user.dao.AdminRoleDAO,com.ryxx.bpim.user.service.AdminRoleService.target,com.ryxx.bpim.user.service.AdminRoleService,com.ryxx.bpim.user.dao.AdminMenuDAO,com.ryxx.bpim.user.service.AdminMenuService.target,com.ryxx.bpim.user.service.AdminMenuService]; root of factory hierarchy
2011-08-07 09:48:14,298 INFO [org.hibernate.cfg.Environment] - Hibernate 3.3.1.GA
2011-08-07 09:48:14,300 INFO [org.hibernate.cfg.Environment] - hibernate.properties not found
2011-08-07 09:48:14,302 INFO [org.hibernate.cfg.Environment] - Bytecode provider name : javassist
2011-08-07 09:48:14,305 INFO [org.hibernate.cfg.Environment] - using JDK 1.4 java.sql.Timestamp handling
2011-08-07 09:48:14,432 INFO [org.hibernate.cfg.HbmBinder] - Mapping class: com.ryxx.bpim.user.entity.AdminRole -> ADMIN_ROLE
2011-08-07 09:48:14,445 INFO [org.hibernate.cfg.HbmBinder] - Mapping collection: com.ryxx.bpim.user.entity.AdminRole.menuList -> ROLE_MENU_RESTRACTION
2011-08-07 09:48:14,463 INFO [org.hibernate.cfg.HbmBinder] - Mapping class: com.ryxx.bpim.user.entity.AdminMenu -> ADMIN_MENU
2011-08-07 09:48:14,464 INFO [org.hibernate.cfg.HbmBinder] - Mapping collection: com.ryxx.bpim.user.entity.AdminMenu.roleList -> ROLE_MENU_RESTRACTION
2011-08-07 09:48:14,502 INFO [org.springframework.orm.hibernate3.LocalSessionFactoryBean] - Building new Hibernate SessionFactory
2011-08-07 09:48:14,506 INFO [org.hibernate.connection.ConnectionProviderFactory] - Initializing connection provider: org.springframework.orm.hibernate3.LocalDataSourceConnectionProvider
2011-08-07 09:48:14,770 INFO [org.hibernate.cfg.SettingsFactory] - RDBMS: MySQL, version: 5.5.12
2011-08-07 09:48:14,770 INFO [org.hibernate.cfg.SettingsFactory] - JDBC driver: MySQL-AB JDBC Driver, version: mysql-connector-java-5.1.6 ( Revision: ${svn.Revision} )
2011-08-07 09:48:14,780 INFO [org.hibernate.dialect.Dialect] - Using dialect: org.hibernate.dialect.MySQLDialect
2011-08-07 09:48:14,783 INFO [org.hibernate.transaction.TransactionFactoryFactory] - Transaction strategy: org.springframework.orm.hibernate3.SpringTransactionFactory
2011-08-07 09:48:14,783 INFO [org.hibernate.transaction.TransactionManagerLookupFactory] - No TransactionManagerLookup configured (in JTA environment, use of read-write or transactional second-level cache is not recommended)
2011-08-07 09:48:14,783 INFO [org.hibernate.cfg.SettingsFactory] - Automatic flush during beforeCompletion(): disabled
2011-08-07 09:48:14,784 INFO [org.hibernate.cfg.SettingsFactory] - Automatic session close at end of transaction: disabled
2011-08-07 09:48:14,784 INFO [org.hibernate.cfg.SettingsFactory] - JDBC batch size: 1000
2011-08-07 09:48:14,784 INFO [org.hibernate.cfg.SettingsFactory] - JDBC batch updates for versioned data: disabled
2011-08-07 09:48:14,784 INFO [org.hibernate.cfg.SettingsFactory] - Scrollable result sets: enabled
2011-08-07 09:48:14,784 INFO [org.hibernate.cfg.SettingsFactory] - JDBC3 getGeneratedKeys(): enabled
2011-08-07 09:48:14,784 INFO [org.hibernate.cfg.SettingsFactory] - Connection release mode: auto
2011-08-07 09:48:14,785 INFO [org.hibernate.cfg.SettingsFactory] - Maximum outer join fetch depth: 2
2011-08-07 09:48:14,785 INFO [org.hibernate.cfg.SettingsFactory] - Default batch fetch size: 1
2011-08-07 09:48:14,785 INFO [org.hibernate.cfg.SettingsFactory] - Generate SQL with comments: disabled
2011-08-07 09:48:14,785 INFO [org.hibernate.cfg.SettingsFactory] - Order SQL updates by primary key: disabled
2011-08-07 09:48:14,790 INFO [org.hibernate.cfg.SettingsFactory] - Order SQL inserts for batching: disabled
2011-08-07 09:48:14,790 INFO [org.hibernate.cfg.SettingsFactory] - Query translator: org.hibernate.hql.ast.ASTQueryTranslatorFactory
2011-08-07 09:48:14,791 INFO [org.hibernate.hql.ast.ASTQueryTranslatorFactory] - Using ASTQueryTranslatorFactory
2011-08-07 09:48:14,792 INFO [org.hibernate.cfg.SettingsFactory] - Query language substitutions: {}
2011-08-07 09:48:14,792 INFO [org.hibernate.cfg.SettingsFactory] - JPA-QL strict compliance: disabled
2011-08-07 09:48:14,792 INFO [org.hibernate.cfg.SettingsFactory] - Second-level cache: disabled
2011-08-07 09:48:14,792 INFO [org.hibernate.cfg.SettingsFactory] - Query cache: disabled
2011-08-07 09:48:14,792 INFO [org.hibernate.cfg.SettingsFactory] - Cache region factory : org.hibernate.cache.impl.NoCachingRegionFactory
2011-08-07 09:48:14,792 INFO [org.hibernate.cfg.SettingsFactory] - Optimize cache for minimal puts: disabled
2011-08-07 09:48:14,792 INFO [org.hibernate.cfg.SettingsFactory] - Structured second-level cache entries: enabled
2011-08-07 09:48:14,795 INFO [org.hibernate.cfg.SettingsFactory] - Echoing all SQL to stdout
2011-08-07 09:48:14,796 INFO [org.hibernate.cfg.SettingsFactory] - Statistics: disabled
2011-08-07 09:48:14,796 INFO [org.hibernate.cfg.SettingsFactory] - Deleted entity synthetic identifier rollback: disabled
2011-08-07 09:48:14,796 INFO [org.hibernate.cfg.SettingsFactory] - Default entity-mode: pojo
2011-08-07 09:48:14,796 INFO [org.hibernate.cfg.SettingsFactory] - Named query checking : enabled
2011-08-07 09:48:14,824 INFO [org.hibernate.impl.SessionFactoryImpl] - building session factory
2011-08-07 09:48:14,996 INFO [org.hibernate.impl.SessionFactoryObjectFactory] - Not binding factory to JNDI, no JNDI name configured
2011-08-07 09:48:15,000 INFO [org.hibernate.tool.hbm2ddl.SchemaUpdate] - Running hbm2ddl schema update
2011-08-07 09:48:15,001 INFO [org.hibernate.tool.hbm2ddl.SchemaUpdate] - fetching database metadata
2011-08-07 09:48:15,002 INFO [org.hibernate.tool.hbm2ddl.SchemaUpdate] - updating schema
2011-08-07 09:48:15,163 INFO [org.hibernate.tool.hbm2ddl.TableMetadata] - table found: JIANHUI_EPBPIM.admin_menu
2011-08-07 09:48:15,164 INFO [org.hibernate.tool.hbm2ddl.TableMetadata] - columns: [menu_enable, menu_id, menu_index, menu_url, menu_name, parent_menu_id]
2011-08-07 09:48:15,164 INFO [org.hibernate.tool.hbm2ddl.TableMetadata] - foreign keys: []
2011-08-07 09:48:15,164 INFO [org.hibernate.tool.hbm2ddl.TableMetadata] - indexes: [primary]
2011-08-07 09:48:15,290 INFO [org.hibernate.tool.hbm2ddl.TableMetadata] - table found: JIANHUI_EPBPIM.admin_role
2011-08-07 09:48:15,290 INFO [org.hibernate.tool.hbm2ddl.TableMetadata] - columns: [role_id, role_count, role_remark, role_name]
2011-08-07 09:48:15,290 INFO [org.hibernate.tool.hbm2ddl.TableMetadata] - foreign keys: []
2011-08-07 09:48:15,290 INFO [org.hibernate.tool.hbm2ddl.TableMetadata] - indexes: [primary]
2011-08-07 09:48:15,386 INFO [org.hibernate.tool.hbm2ddl.TableMetadata] - table found: JIANHUI_EPBPIM.role_menu_restraction
2011-08-07 09:48:15,386 INFO [org.hibernate.tool.hbm2ddl.TableMetadata] - columns: [menu_id, role_id]
2011-08-07 09:48:15,386 INFO [org.hibernate.tool.hbm2ddl.TableMetadata] - foreign keys: []
2011-08-07 09:48:15,386 INFO [org.hibernate.tool.hbm2ddl.TableMetadata] - indexes: [fk81855c7d7a7d889f, fk81855c7d610ef3ff]
2011-08-07 09:48:15,387 INFO [org.hibernate.tool.hbm2ddl.SchemaUpdate] - schema update complete
2011-08-07 09:51:18,607 INFO [org.springframework.context.support.ClassPathXmlApplicationContext] - Refreshing org.springframework.context.support.ClassPathXmlApplicationContext@1a7508a: display name [org.springframework.context.support.ClassPathXmlApplicationContext@1a7508a]; startup date [Sun Aug 07 09:51:18 CST 2011]; root of context hierarchy
2011-08-07 09:51:18,669 INFO [org.springframework.beans.factory.xml.XmlBeanDefinitionReader] - Loading XML bean definitions from URL [file:/C:/guan/project/epbpim/epbpim/build/classes/spring-defs.xml]
2011-08-07 09:51:18,736 INFO [org.springframework.context.support.ClassPathXmlApplicationContext] - Bean factory for application context [org.springframework.context.support.ClassPathXmlApplicationContext@1a7508a]: org.springframework.beans.factory.support.DefaultListableBeanFactory@19e215b
2011-08-07 09:51:18,749 INFO [org.springframework.beans.factory.support.DefaultListableBeanFactory] - Pre-instantiating singletons in org.springframework.beans.factory.support.DefaultListableBeanFactory@19e215b: defining beans [beanDefContext]; root of factory hierarchy
2011-08-07 09:51:18,788 INFO [org.springframework.context.support.ClassPathXmlApplicationContext] - Refreshing org.springframework.context.support.ClassPathXmlApplicationContext@57ea52: display name [org.springframework.context.support.ClassPathXmlApplicationContext@57ea52]; startup date [Sun Aug 07 09:51:18 CST 2011]; root of context hierarchy
2011-08-07 09:51:18,789 INFO [org.springframework.beans.factory.xml.XmlBeanDefinitionReader] - Loading XML bean definitions from URL [file:/C:/guan/project/epbpim/epbpim/build/classes/applicationContext.xml]
2011-08-07 09:51:18,803 INFO [org.springframework.beans.factory.xml.XmlBeanDefinitionReader] - Loading XML bean definitions from URL [file:/C:/guan/project/epbpim/epbpim/build/classes/com/ryxx/bpim/user/dao/adminrole-bean.xml]
2011-08-07 09:51:18,812 INFO [org.springframework.beans.factory.xml.XmlBeanDefinitionReader] - Loading XML bean definitions from URL [file:/C:/guan/project/epbpim/epbpim/build/classes/com/ryxx/bpim/user/dao/adminmenu-bean.xml]
2011-08-07 09:51:18,821 INFO [org.springframework.context.support.ClassPathXmlApplicationContext] - Bean factory for application context [org.springframework.context.support.ClassPathXmlApplicationContext@57ea52]: org.springframework.beans.factory.support.DefaultListableBeanFactory@1a7b0bf
2011-08-07 09:51:18,839 INFO [org.springframework.beans.factory.support.DefaultListableBeanFactory] - Pre-instantiating singletons in org.springframework.beans.factory.support.DefaultListableBeanFactory@1a7b0bf: defining beans [dataSourceCdm,sessionFactory,transactionManagerCdm,baseTransactionProxyCdm,com.ryxx.bpim.user.dao.AdminRoleDAO,com.ryxx.bpim.user.service.AdminRoleService.target,com.ryxx.bpim.user.service.AdminRoleService,com.ryxx.bpim.user.dao.AdminMenuDAO,com.ryxx.bpim.user.service.AdminMenuService.target,com.ryxx.bpim.user.service.AdminMenuService]; root of factory hierarchy
2011-08-07 09:51:18,906 INFO [org.hibernate.cfg.Environment] - Hibernate 3.3.1.GA
2011-08-07 09:51:18,909 INFO [org.hibernate.cfg.Environment] - hibernate.properties not found
2011-08-07 09:51:18,912 INFO [org.hibernate.cfg.Environment] - Bytecode provider name : javassist
2011-08-07 09:51:18,914 INFO [org.hibernate.cfg.Environment] - using JDK 1.4 java.sql.Timestamp handling
2011-08-07 09:51:19,065 INFO [org.hibernate.cfg.HbmBinder] - Mapping class: com.ryxx.bpim.user.entity.AdminRole -> ADMIN_ROLE
2011-08-07 09:51:19,078 INFO [org.hibernate.cfg.HbmBinder] - Mapping collection: com.ryxx.bpim.user.entity.AdminRole.menuList -> ROLE_MENU_RESTRACTION
2011-08-07 09:51:19,094 INFO [org.hibernate.cfg.HbmBinder] - Mapping class: com.ryxx.bpim.user.entity.AdminMenu -> ADMIN_MENU
2011-08-07 09:51:19,095 INFO [org.hibernate.cfg.HbmBinder] - Mapping collection: com.ryxx.bpim.user.entity.AdminMenu.roleList -> ROLE_MENU_RESTRACTION
2011-08-07 09:51:19,141 INFO [org.springframework.orm.hibernate3.LocalSessionFactoryBean] - Building new Hibernate SessionFactory
2011-08-07 09:51:19,146 INFO [org.hibernate.connection.ConnectionProviderFactory] - Initializing connection provider: org.springframework.orm.hibernate3.LocalDataSourceConnectionProvider
2011-08-07 09:51:19,414 INFO [org.hibernate.cfg.SettingsFactory] - RDBMS: MySQL, version: 5.5.12
2011-08-07 09:51:19,415 INFO [org.hibernate.cfg.SettingsFactory] - JDBC driver: MySQL-AB JDBC Driver, version: mysql-connector-java-5.1.6 ( Revision: ${svn.Revision} )
2011-08-07 09:51:19,434 INFO [org.hibernate.dialect.Dialect] - Using dialect: org.hibernate.dialect.MySQLDialect
2011-08-07 09:51:19,447 INFO [org.hibernate.transaction.TransactionFactoryFactory] - Transaction strategy: org.springframework.orm.hibernate3.SpringTransactionFactory
2011-08-07 09:51:19,448 INFO [org.hibernate.transaction.TransactionManagerLookupFactory] - No TransactionManagerLookup configured (in JTA environment, use of read-write or transactional second-level cache is not recommended)
2011-08-07 09:51:19,448 INFO [org.hibernate.cfg.SettingsFactory] - Automatic flush during beforeCompletion(): disabled
2011-08-07 09:51:19,449 INFO [org.hibernate.cfg.SettingsFactory] - Automatic session close at end of transaction: disabled
2011-08-07 09:51:19,449 INFO [org.hibernate.cfg.SettingsFactory] - JDBC batch size: 1000
2011-08-07 09:51:19,449 INFO [org.hibernate.cfg.SettingsFactory] - JDBC batch updates for versioned data: disabled
2011-08-07 09:51:19,450 INFO [org.hibernate.cfg.SettingsFactory] - Scrollable result sets: enabled
2011-08-07 09:51:19,450 INFO [org.hibernate.cfg.SettingsFactory] - JDBC3 getGeneratedKeys(): enabled
2011-08-07 09:51:19,450 INFO [org.hibernate.cfg.SettingsFactory] - Connection release mode: auto
2011-08-07 09:51:19,451 INFO [org.hibernate.cfg.SettingsFactory] - Maximum outer join fetch depth: 2
2011-08-07 09:51:19,451 INFO [org.hibernate.cfg.SettingsFactory] - Default batch fetch size: 1
2011-08-07 09:51:19,451 INFO [org.hibernate.cfg.SettingsFactory] - Generate SQL with comments: disabled
2011-08-07 09:51:19,451 INFO [org.hibernate.cfg.SettingsFactory] - Order SQL updates by primary key: disabled
2011-08-07 09:51:19,451 INFO [org.hibernate.cfg.SettingsFactory] - Order SQL inserts for batching: disabled
2011-08-07 09:51:19,452 INFO [org.hibernate.cfg.SettingsFactory] - Query translator: org.hibernate.hql.ast.ASTQueryTranslatorFactory
2011-08-07 09:51:19,454 INFO [org.hibernate.hql.ast.ASTQueryTranslatorFactory] - Using ASTQueryTranslatorFactory
2011-08-07 09:51:19,454 INFO [org.hibernate.cfg.SettingsFactory] - Query language substitutions: {}
2011-08-07 09:51:19,455 INFO [org.hibernate.cfg.SettingsFactory] - JPA-QL strict compliance: disabled
2011-08-07 09:51:19,455 INFO [org.hibernate.cfg.SettingsFactory] - Second-level cache: disabled
2011-08-07 09:51:19,455 INFO [org.hibernate.cfg.SettingsFactory] - Query cache: disabled
2011-08-07 09:51:19,455 INFO [org.hibernate.cfg.SettingsFactory] - Cache region factory : org.hibernate.cache.impl.NoCachingRegionFactory
2011-08-07 09:51:19,455 INFO [org.hibernate.cfg.SettingsFactory] - Optimize cache for minimal puts: disabled
2011-08-07 09:51:19,455 INFO [org.hibernate.cfg.SettingsFactory] - Structured second-level cache entries: enabled
2011-08-07 09:51:19,460 INFO [org.hibernate.cfg.SettingsFactory] - Echoing all SQL to stdout
2011-08-07 09:51:19,460 INFO [org.hibernate.cfg.SettingsFactory] - Statistics: disabled
2011-08-07 09:51:19,460 INFO [org.hibernate.cfg.SettingsFactory] - Deleted entity synthetic identifier rollback: disabled
2011-08-07 09:51:19,461 INFO [org.hibernate.cfg.SettingsFactory] - Default entity-mode: pojo
2011-08-07 09:51:19,461 INFO [org.hibernate.cfg.SettingsFactory] - Named query checking : enabled
2011-08-07 09:51:19,498 INFO [org.hibernate.impl.SessionFactoryImpl] - building session factory
2011-08-07 09:51:19,725 INFO [org.hibernate.impl.SessionFactoryObjectFactory] - Not binding factory to JNDI, no JNDI name configured
2011-08-07 09:51:19,732 INFO [org.hibernate.tool.hbm2ddl.SchemaUpdate] - Running hbm2ddl schema update
2011-08-07 09:51:19,732 INFO [org.hibernate.tool.hbm2ddl.SchemaUpdate] - fetching database metadata
2011-08-07 09:51:19,734 INFO [org.hibernate.tool.hbm2ddl.SchemaUpdate] - updating schema
2011-08-07 09:51:19,819 INFO [org.hibernate.tool.hbm2ddl.TableMetadata] - table found: JIANHUI_EPBPIM.admin_menu
2011-08-07 09:51:19,819 INFO [org.hibernate.tool.hbm2ddl.TableMetadata] - columns: [menu_enable, menu_id, menu_index, menu_url, menu_name, parent_menu_id]
2011-08-07 09:51:19,819 INFO [org.hibernate.tool.hbm2ddl.TableMetadata] - foreign keys: []
2011-08-07 09:51:19,819 INFO [org.hibernate.tool.hbm2ddl.TableMetadata] - indexes: [primary]
2011-08-07 09:51:19,846 INFO [org.hibernate.tool.hbm2ddl.TableMetadata] - table found: JIANHUI_EPBPIM.admin_role
2011-08-07 09:51:19,846 INFO [org.hibernate.tool.hbm2ddl.TableMetadata] - columns: [role_id, role_count, role_remark, role_name]
2011-08-07 09:51:19,846 INFO [org.hibernate.tool.hbm2ddl.TableMetadata] - foreign keys: []
2011-08-07 09:51:19,846 INFO [org.hibernate.tool.hbm2ddl.TableMetadata] - indexes: [primary]
2011-08-07 09:51:19,861 INFO [org.hibernate.tool.hbm2ddl.TableMetadata] - table found: JIANHUI_EPBPIM.role_menu_restraction
2011-08-07 09:51:19,861 INFO [org.hibernate.tool.hbm2ddl.TableMetadata] - columns: [menu_id, role_id]
2011-08-07 09:51:19,861 INFO [org.hibernate.tool.hbm2ddl.TableMetadata] - foreign keys: []
2011-08-07 09:51:19,861 INFO [org.hibernate.tool.hbm2ddl.TableMetadata] - indexes: [fk81855c7d7a7d889f, fk81855c7d610ef3ff]
2011-08-07 09:51:19,862 INFO [org.hibernate.tool.hbm2ddl.SchemaUpdate] - schema update complete
2011-08-07 09:55:35,443 INFO [org.springframework.context.support.ClassPathXmlApplicationContext] - Refreshing org.springframework.context.support.ClassPathXmlApplicationContext@74c3aa: display name [org.springframework.context.support.ClassPathXmlApplicationContext@74c3aa]; startup date [Sun Aug 07 09:55:35 CST 2011]; root of context hierarchy
2011-08-07 09:55:35,500 INFO [org.springframework.beans.factory.xml.XmlBeanDefinitionReader] - Loading XML bean definitions from URL [file:/C:/guan/project/epbpim/epbpim/build/classes/spring-defs.xml]
2011-08-07 09:55:35,562 INFO [org.springframework.context.support.ClassPathXmlApplicationContext] - Bean factory for application context [org.springframework.context.support.ClassPathXmlApplicationContext@74c3aa]: org.springframework.beans.factory.support.DefaultListableBeanFactory@497934
2011-08-07 09:55:35,572 INFO [org.springframework.beans.factory.support.DefaultListableBeanFactory] - Pre-instantiating singletons in org.springframework.beans.factory.support.DefaultListableBeanFactory@497934: defining beans [beanDefContext]; root of factory hierarchy
2011-08-07 09:55:35,608 INFO [org.springframework.context.support.ClassPathXmlApplicationContext] - Refreshing org.springframework.context.support.ClassPathXmlApplicationContext@1a082e2: display name [org.springframework.context.support.ClassPathXmlApplicationContext@1a082e2]; startup date [Sun Aug 07 09:55:35 CST 2011]; root of context hierarchy
2011-08-07 09:55:35,609 INFO [org.springframework.beans.factory.xml.XmlBeanDefinitionReader] - Loading XML bean definitions from URL [file:/C:/guan/project/epbpim/epbpim/build/classes/applicationContext.xml]
2011-08-07 09:55:35,623 INFO [org.springframework.beans.factory.xml.XmlBeanDefinitionReader] - Loading XML bean definitions from URL [file:/C:/guan/project/epbpim/epbpim/build/classes/com/ryxx/bpim/user/dao/adminrole-bean.xml]
2011-08-07 09:55:35,631 INFO [org.springframework.beans.factory.xml.XmlBeanDefinitionReader] - Loading XML bean definitions from URL [file:/C:/guan/project/epbpim/epbpim/build/classes/com/ryxx/bpim/user/dao/adminmenu-bean.xml]
2011-08-07 09:55:35,637 INFO [org.springframework.context.support.ClassPathXmlApplicationContext] - Bean factory for application context [org.springframework.context.support.ClassPathXmlApplicationContext@1a082e2]: org.springframework.beans.factory.support.DefaultListableBeanFactory@1e845c2
2011-08-07 09:55:35,655 INFO [org.springframework.beans.factory.support.DefaultListableBeanFactory] - Pre-instantiating singletons in org.springframework.beans.factory.support.DefaultListableBeanFactory@1e845c2: defining beans [dataSourceCdm,sessionFactory,transactionManagerCdm,baseTransactionProxyCdm,com.ryxx.bpim.user.dao.AdminRoleDAO,com.ryxx.bpim.user.service.AdminRoleService.target,com.ryxx.bpim.user.service.AdminRoleService,com.ryxx.bpim.user.dao.AdminMenuDAO,com.ryxx.bpim.user.service.AdminMenuService.target,com.ryxx.bpim.user.service.AdminMenuService]; root of factory hierarchy
2011-08-07 09:55:35,719 INFO [org.hibernate.cfg.Environment] - Hibernate 3.3.1.GA
2011-08-07 09:55:35,721 INFO [org.hibernate.cfg.Environment] - hibernate.properties not found
2011-08-07 09:55:35,723 INFO [org.hibernate.cfg.Environment] - Bytecode provider name : javassist
2011-08-07 09:55:35,726 INFO [org.hibernate.cfg.Environment] - using JDK 1.4 java.sql.Timestamp handling
2011-08-07 09:55:35,849 INFO [org.hibernate.cfg.HbmBinder] - Mapping class: com.ryxx.bpim.user.entity.AdminRole -> ADMIN_ROLE
2011-08-07 09:55:35,860 INFO [org.hibernate.cfg.HbmBinder] - Mapping collection: com.ryxx.bpim.user.entity.AdminRole.menuList -> ROLE_MENU_RESTRACTION
2011-08-07 09:55:35,879 INFO [org.hibernate.cfg.HbmBinder] - Mapping class: com.ryxx.bpim.user.entity.AdminMenu -> ADMIN_MENU
2011-08-07 09:55:35,879 INFO [org.hibernate.cfg.HbmBinder] - Mapping collection: com.ryxx.bpim.user.entity.AdminMenu.roleList -> ROLE_MENU_RESTRACTION
2011-08-07 09:55:35,916 INFO [org.springframework.orm.hibernate3.LocalSessionFactoryBean] - Building new Hibernate SessionFactory
2011-08-07 09:55:35,920 INFO [org.hibernate.connection.ConnectionProviderFactory] - Initializing connection provider: org.springframework.orm.hibernate3.LocalDataSourceConnectionProvider
2011-08-07 09:55:36,210 INFO [org.hibernate.cfg.SettingsFactory] - RDBMS: MySQL, version: 5.5.12
2011-08-07 09:55:36,210 INFO [org.hibernate.cfg.SettingsFactory] - JDBC driver: MySQL-AB JDBC Driver, version: mysql-connector-java-5.1.6 ( Revision: ${svn.Revision} )
2011-08-07 09:55:36,220 INFO [org.hibernate.dialect.Dialect] - Using dialect: org.hibernate.dialect.MySQLDialect
2011-08-07 09:55:36,223 INFO [org.hibernate.transaction.TransactionFactoryFactory] - Transaction strategy: org.springframework.orm.hibernate3.SpringTransactionFactory
2011-08-07 09:55:36,224 INFO [org.hibernate.transaction.TransactionManagerLookupFactory] - No TransactionManagerLookup configured (in JTA environment, use of read-write or transactional second-level cache is not recommended)
2011-08-07 09:55:36,224 INFO [org.hibernate.cfg.SettingsFactory] - Automatic flush during beforeCompletion(): disabled
2011-08-07 09:55:36,224 INFO [org.hibernate.cfg.SettingsFactory] - Automatic session close at end of transaction: disabled
2011-08-07 09:55:36,224 INFO [org.hibernate.cfg.SettingsFactory] - JDBC batch size: 1000
2011-08-07 09:55:36,224 INFO [org.hibernate.cfg.SettingsFactory] - JDBC batch updates for versioned data: disabled
2011-08-07 09:55:36,225 INFO [org.hibernate.cfg.SettingsFactory] - Scrollable result sets: enabled
2011-08-07 09:55:36,225 INFO [org.hibernate.cfg.SettingsFactory] - JDBC3 getGeneratedKeys(): enabled
2011-08-07 09:55:36,225 INFO [org.hibernate.cfg.SettingsFactory] - Connection release mode: auto
2011-08-07 09:55:36,226 INFO [org.hibernate.cfg.SettingsFactory] - Maximum outer join fetch depth: 2
2011-08-07 09:55:36,226 INFO [org.hibernate.cfg.SettingsFactory] - Default batch fetch size: 1
2011-08-07 09:55:36,226 INFO [org.hibernate.cfg.SettingsFactory] - Generate SQL with comments: disabled
2011-08-07 09:55:36,226 INFO [org.hibernate.cfg.SettingsFactory] - Order SQL updates by primary key: disabled
2011-08-07 09:55:36,230 INFO [org.hibernate.cfg.SettingsFactory] - Order SQL inserts for batching: disabled
2011-08-07 09:55:36,230 INFO [org.hibernate.cfg.SettingsFactory] - Query translator: org.hibernate.hql.ast.ASTQueryTranslatorFactory
2011-08-07 09:55:36,232 INFO [org.hibernate.hql.ast.ASTQueryTranslatorFactory] - Using ASTQueryTranslatorFactory
2011-08-07 09:55:36,232 INFO [org.hibernate.cfg.SettingsFactory] - Query language substitutions: {}
2011-08-07 09:55:36,232 INFO [org.hibernate.cfg.SettingsFactory] - JPA-QL strict compliance: disabled
2011-08-07 09:55:36,232 INFO [org.hibernate.cfg.SettingsFactory] - Second-level cache: disabled
2011-08-07 09:55:36,232 INFO [org.hibernate.cfg.SettingsFactory] - Query cache: disabled
2011-08-07 09:55:36,232 INFO [org.hibernate.cfg.SettingsFactory] - Cache region factory : org.hibernate.cache.impl.NoCachingRegionFactory
2011-08-07 09:55:36,232 INFO [org.hibernate.cfg.SettingsFactory] - Optimize cache for minimal puts: disabled
2011-08-07 09:55:36,232 INFO [org.hibernate.cfg.SettingsFactory] - Structured second-level cache entries: enabled
2011-08-07 09:55:36,235 INFO [org.hibernate.cfg.SettingsFactory] - Echoing all SQL to stdout
2011-08-07 09:55:36,235 INFO [org.hibernate.cfg.SettingsFactory] - Statistics: disabled
2011-08-07 09:55:36,236 INFO [org.hibernate.cfg.SettingsFactory] - Deleted entity synthetic identifier rollback: disabled
2011-08-07 09:55:36,236 INFO [org.hibernate.cfg.SettingsFactory] - Default entity-mode: pojo
2011-08-07 09:55:36,236 INFO [org.hibernate.cfg.SettingsFactory] - Named query checking : enabled
2011-08-07 09:55:36,264 INFO [org.hibernate.impl.SessionFactoryImpl] - building session factory
2011-08-07 09:55:36,421 INFO [org.hibernate.impl.SessionFactoryObjectFactory] - Not binding factory to JNDI, no JNDI name configured
2011-08-07 09:55:36,427 INFO [org.hibernate.tool.hbm2ddl.SchemaUpdate] - Running hbm2ddl schema update
2011-08-07 09:55:36,428 INFO [org.hibernate.tool.hbm2ddl.SchemaUpdate] - fetching database metadata
2011-08-07 09:55:36,429 INFO [org.hibernate.tool.hbm2ddl.SchemaUpdate] - updating schema
2011-08-07 09:55:36,522 INFO [org.hibernate.tool.hbm2ddl.TableMetadata] - table found: JIANHUI_EPBPIM.admin_menu
2011-08-07 09:55:36,522 INFO [org.hibernate.tool.hbm2ddl.TableMetadata] - columns: [menu_enable, menu_id, menu_index, menu_url, menu_name, parent_menu_id]
2011-08-07 09:55:36,522 INFO [org.hibernate.tool.hbm2ddl.TableMetadata] - foreign keys: []
2011-08-07 09:55:36,522 INFO [org.hibernate.tool.hbm2ddl.TableMetadata] - indexes: [primary]
2011-08-07 09:55:36,553 INFO [org.hibernate.tool.hbm2ddl.TableMetadata] - table found: JIANHUI_EPBPIM.admin_role
2011-08-07 09:55:36,553 INFO [org.hibernate.tool.hbm2ddl.TableMetadata] - columns: [role_id, role_count, role_remark, role_name]
2011-08-07 09:55:36,554 INFO [org.hibernate.tool.hbm2ddl.TableMetadata] - foreign keys: []
2011-08-07 09:55:36,554 INFO [org.hibernate.tool.hbm2ddl.TableMetadata] - indexes: [primary]
2011-08-07 09:55:36,575 INFO [org.hibernate.tool.hbm2ddl.TableMetadata] - table found: JIANHUI_EPBPIM.role_menu_restraction
2011-08-07 09:55:36,576 INFO [org.hibernate.tool.hbm2ddl.TableMetadata] - columns: [menu_id, role_id]
2011-08-07 09:55:36,576 INFO [org.hibernate.tool.hbm2ddl.TableMetadata] - foreign keys: []
2011-08-07 09:55:36,576 INFO [org.hibernate.tool.hbm2ddl.TableMetadata] - indexes: [fk81855c7d7a7d889f, fk81855c7d610ef3ff]
2011-08-07 09:55:36,576 INFO [org.hibernate.tool.hbm2ddl.SchemaUpdate] - schema update complete
2011-08-07 09:56:29,950 INFO [org.springframework.context.support.ClassPathXmlApplicationContext] - Refreshing org.springframework.context.support.ClassPathXmlApplicationContext@f99ff5: display name [org.springframework.context.support.ClassPathXmlApplicationContext@f99ff5]; startup date [Sun Aug 07 09:56:29 CST 2011]; root of context hierarchy
2011-08-07 09:56:30,008 INFO [org.springframework.beans.factory.xml.XmlBeanDefinitionReader] - Loading XML bean definitions from URL [file:/C:/guan/project/epbpim/epbpim/build/classes/spring-defs.xml]
2011-08-07 09:56:30,071 INFO [org.springframework.context.support.ClassPathXmlApplicationContext] - Bean factory for application context [org.springframework.context.support.ClassPathXmlApplicationContext@f99ff5]: org.springframework.beans.factory.support.DefaultListableBeanFactory@18c56d
2011-08-07 09:56:30,083 INFO [org.springframework.beans.factory.support.DefaultListableBeanFactory] - Pre-instantiating singletons in org.springframework.beans.factory.support.DefaultListableBeanFactory@18c56d: defining beans [beanDefContext]; root of factory hierarchy
2011-08-07 09:56:30,121 INFO [org.springframework.context.support.ClassPathXmlApplicationContext] - Refreshing org.springframework.context.support.ClassPathXmlApplicationContext@1aaf0b3: display name [org.springframework.context.support.ClassPathXmlApplicationContext@1aaf0b3]; startup date [Sun Aug 07 09:56:30 CST 2011]; root of context hierarchy
2011-08-07 09:56:30,122 INFO [org.springframework.beans.factory.xml.XmlBeanDefinitionReader] - Loading XML bean definitions from URL [file:/C:/guan/project/epbpim/epbpim/build/classes/applicationContext.xml]
2011-08-07 09:56:30,139 INFO [org.springframework.beans.factory.xml.XmlBeanDefinitionReader] - Loading XML bean definitions from URL [file:/C:/guan/project/epbpim/epbpim/build/classes/com/ryxx/bpim/user/dao/adminrole-bean.xml]
2011-08-07 09:56:30,149 INFO [org.springframework.beans.factory.xml.XmlBeanDefinitionReader] - Loading XML bean definitions from URL [file:/C:/guan/project/epbpim/epbpim/build/classes/com/ryxx/bpim/user/dao/adminmenu-bean.xml]
2011-08-07 09:56:30,156 INFO [org.springframework.context.support.ClassPathXmlApplicationContext] - Bean factory for application context [org.springframework.context.support.ClassPathXmlApplicationContext@1aaf0b3]: org.springframework.beans.factory.support.DefaultListableBeanFactory@1bbd23f
2011-08-07 09:56:30,174 INFO [org.springframework.beans.factory.support.DefaultListableBeanFactory] - Pre-instantiating singletons in org.springframework.beans.factory.support.DefaultListableBeanFactory@1bbd23f: defining beans [dataSourceCdm,sessionFactory,transactionManagerCdm,baseTransactionProxyCdm,com.ryxx.bpim.user.dao.AdminRoleDAO,com.ryxx.bpim.user.service.AdminRoleService.target,com.ryxx.bpim.user.service.AdminRoleService,com.ryxx.bpim.user.dao.AdminMenuDAO,com.ryxx.bpim.user.service.AdminMenuService.target,com.ryxx.bpim.user.service.AdminMenuService]; root of factory hierarchy
2011-08-07 09:56:30,244 INFO [org.hibernate.cfg.Environment] - Hibernate 3.3.1.GA
2011-08-07 09:56:30,248 INFO [org.hibernate.cfg.Environment] - hibernate.properties not found
2011-08-07 09:56:30,251 INFO [org.hibernate.cfg.Environment] - Bytecode provider name : javassist
2011-08-07 09:56:30,254 INFO [org.hibernate.cfg.Environment] - using JDK 1.4 java.sql.Timestamp handling
2011-08-07 09:56:30,383 INFO [org.hibernate.cfg.HbmBinder] - Mapping class: com.ryxx.bpim.user.entity.AdminRole -> ADMIN_ROLE
2011-08-07 09:56:30,393 INFO [org.hibernate.cfg.HbmBinder] - Mapping collection: com.ryxx.bpim.user.entity.AdminRole.menuList -> ROLE_MENU_RESTRACTION
2011-08-07 09:56:30,411 INFO [org.hibernate.cfg.HbmBinder] - Mapping class: com.ryxx.bpim.user.entity.AdminMenu -> ADMIN_MENU
2011-08-07 09:56:30,412 INFO [org.hibernate.cfg.HbmBinder] - Mapping collection: com.ryxx.bpim.user.entity.AdminMenu.roleList -> ROLE_MENU_RESTRACTION
2011-08-07 09:56:30,449 INFO [org.springframework.orm.hibernate3.LocalSessionFactoryBean] - Building new Hibernate SessionFactory
2011-08-07 09:56:30,453 INFO [org.hibernate.connection.ConnectionProviderFactory] - Initializing connection provider: org.springframework.orm.hibernate3.LocalDataSourceConnectionProvider
2011-08-07 09:56:30,706 INFO [org.hibernate.cfg.SettingsFactory] - RDBMS: MySQL, version: 5.5.12
2011-08-07 09:56:30,706 INFO [org.hibernate.cfg.SettingsFactory] - JDBC driver: MySQL-AB JDBC Driver, version: mysql-connector-java-5.1.6 ( Revision: ${svn.Revision} )
2011-08-07 09:56:30,720 INFO [org.hibernate.dialect.Dialect] - Using dialect: org.hibernate.dialect.MySQLDialect
2011-08-07 09:56:30,725 INFO [org.hibernate.transaction.TransactionFactoryFactory] - Transaction strategy: org.springframework.orm.hibernate3.SpringTransactionFactory
2011-08-07 09:56:30,726 INFO [org.hibernate.transaction.TransactionManagerLookupFactory] - No TransactionManagerLookup configured (in JTA environment, use of read-write or transactional second-level cache is not recommended)
2011-08-07 09:56:30,726 INFO [org.hibernate.cfg.SettingsFactory] - Automatic flush during beforeCompletion(): disabled
2011-08-07 09:56:30,727 INFO [org.hibernate.cfg.SettingsFactory] - Automatic session close at end of transaction: disabled
2011-08-07 09:56:30,727 INFO [org.hibernate.cfg.SettingsFactory] - JDBC batch size: 1000
2011-08-07 09:56:30,727 INFO [org.hibernate.cfg.SettingsFactory] - JDBC batch updates for versioned data: disabled
2011-08-07 09:56:30,728 INFO [org.hibernate.cfg.SettingsFactory] - Scrollable result sets: enabled
2011-08-07 09:56:30,728 INFO [org.hibernate.cfg.SettingsFactory] - JDBC3 getGeneratedKeys(): enabled
2011-08-07 09:56:30,728 INFO [org.hibernate.cfg.SettingsFactory] - Connection release mode: auto
2011-08-07 09:56:30,729 INFO [org.hibernate.cfg.SettingsFactory] - Maximum outer join fetch depth: 2
2011-08-07 09:56:30,729 INFO [org.hibernate.cfg.SettingsFactory] - Default batch fetch size: 1
2011-08-07 09:56:30,729 INFO [org.hibernate.cfg.SettingsFactory] - Generate SQL with comments: disabled
2011-08-07 09:56:30,729 INFO [org.hibernate.cfg.SettingsFactory] - Order SQL updates by primary key: disabled
2011-08-07 09:56:30,734 INFO [org.hibernate.cfg.SettingsFactory] - Order SQL inserts for batching: disabled
2011-08-07 09:56:30,734 INFO [org.hibernate.cfg.SettingsFactory] - Query translator: org.hibernate.hql.ast.ASTQueryTranslatorFactory
2011-08-07 09:56:30,738 INFO [org.hibernate.hql.ast.ASTQueryTranslatorFactory] - Using ASTQueryTranslatorFactory
2011-08-07 09:56:30,738 INFO [org.hibernate.cfg.SettingsFactory] - Query language substitutions: {}
2011-08-07 09:56:30,738 INFO [org.hibernate.cfg.SettingsFactory] - JPA-QL strict compliance: disabled
2011-08-07 09:56:30,738 INFO [org.hibernate.cfg.SettingsFactory] - Second-level cache: disabled
2011-08-07 09:56:30,738 INFO [org.hibernate.cfg.SettingsFactory] - Query cache: disabled
2011-08-07 09:56:30,739 INFO [org.hibernate.cfg.SettingsFactory] - Cache region factory : org.hibernate.cache.impl.NoCachingRegionFactory
2011-08-07 09:56:30,739 INFO [org.hibernate.cfg.SettingsFactory] - Optimize cache for minimal puts: disabled
2011-08-07 09:56:30,739 INFO [org.hibernate.cfg.SettingsFactory] - Structured second-level cache entries: enabled
2011-08-07 09:56:30,745 INFO [org.hibernate.cfg.SettingsFactory] - Echoing all SQL to stdout
2011-08-07 09:56:30,745 INFO [org.hibernate.cfg.SettingsFactory] - Statistics: disabled
2011-08-07 09:56:30,746 INFO [org.hibernate.cfg.SettingsFactory] - Deleted entity synthetic identifier rollback: disabled
2011-08-07 09:56:30,746 INFO [org.hibernate.cfg.SettingsFactory] - Default entity-mode: pojo
2011-08-07 09:56:30,746 INFO [org.hibernate.cfg.SettingsFactory] - Named query checking : enabled
2011-08-07 09:56:30,791 INFO [org.hibernate.impl.SessionFactoryImpl] - building session factory
2011-08-07 09:56:30,977 INFO [org.hibernate.impl.SessionFactoryObjectFactory] - Not binding factory to JNDI, no JNDI name configured
2011-08-07 09:56:30,982 INFO [org.hibernate.tool.hbm2ddl.SchemaUpdate] - Running hbm2ddl schema update
2011-08-07 09:56:30,982 INFO [org.hibernate.tool.hbm2ddl.SchemaUpdate] - fetching database metadata
2011-08-07 09:56:30,984 INFO [org.hibernate.tool.hbm2ddl.SchemaUpdate] - updating schema
2011-08-07 09:56:31,042 INFO [org.hibernate.tool.hbm2ddl.TableMetadata] - table found: JIANHUI_EPBPIM.admin_menu
2011-08-07 09:56:31,043 INFO [org.hibernate.tool.hbm2ddl.TableMetadata] - columns: [menu_enable, menu_id, menu_index, menu_url, menu_name, parent_menu_id]
2011-08-07 09:56:31,043 INFO [org.hibernate.tool.hbm2ddl.TableMetadata] - foreign keys: []
2011-08-07 09:56:31,043 INFO [org.hibernate.tool.hbm2ddl.TableMetadata] - indexes: [primary]
2011-08-07 09:56:31,092 INFO [org.hibernate.tool.hbm2ddl.TableMetadata] - table found: JIANHUI_EPBPIM.admin_role
2011-08-07 09:56:31,092 INFO [org.hibernate.tool.hbm2ddl.TableMetadata] - columns: [role_id, role_count, role_remark, role_name]
2011-08-07 09:56:31,092 INFO [org.hibernate.tool.hbm2ddl.TableMetadata] - foreign keys: []
2011-08-07 09:56:31,092 INFO [org.hibernate.tool.hbm2ddl.TableMetadata] - indexes: [primary]
2011-08-07 09:56:31,152 INFO [org.hibernate.tool.hbm2ddl.TableMetadata] - table found: JIANHUI_EPBPIM.role_menu_restraction
2011-08-07 09:56:31,152 INFO [org.hibernate.tool.hbm2ddl.TableMetadata] - columns: [menu_id, role_id]
2011-08-07 09:56:31,152 INFO [org.hibernate.tool.hbm2ddl.TableMetadata] - foreign keys: []
2011-08-07 09:56:31,152 INFO [org.hibernate.tool.hbm2ddl.TableMetadata] - indexes: [fk81855c7d7a7d889f, fk81855c7d610ef3ff]
2011-08-07 09:56:31,152 INFO [org.hibernate.tool.hbm2ddl.SchemaUpdate] - schema update complete
2011-08-07 09:57:46,879 INFO [org.springframework.context.support.ClassPathXmlApplicationContext] - Refreshing org.springframework.context.support.ClassPathXmlApplicationContext@589e56: display name [org.springframework.context.support.ClassPathXmlApplicationContext@589e56]; startup date [Sun Aug 07 09:57:46 CST 2011]; root of context hierarchy
2011-08-07 09:57:46,941 INFO [org.springframework.beans.factory.xml.XmlBeanDefinitionReader] - Loading XML bean definitions from URL [file:/C:/guan/project/epbpim/epbpim/build/classes/spring-defs.xml]
2011-08-07 09:57:47,007 INFO [org.springframework.context.support.ClassPathXmlApplicationContext] - Bean factory for application context [org.springframework.context.support.ClassPathXmlApplicationContext@589e56]: org.springframework.beans.factory.support.DefaultListableBeanFactory@1dccedd
2011-08-07 09:57:47,022 INFO [org.springframework.beans.factory.support.DefaultListableBeanFactory] - Pre-instantiating singletons in org.springframework.beans.factory.support.DefaultListableBeanFactory@1dccedd: defining beans [beanDefContext]; root of factory hierarchy
2011-08-07 09:57:47,065 INFO [org.springframework.context.support.ClassPathXmlApplicationContext] - Refreshing org.springframework.context.support.ClassPathXmlApplicationContext@1c1ac46: display name [org.springframework.context.support.ClassPathXmlApplicationContext@1c1ac46]; startup date [Sun Aug 07 09:57:47 CST 2011]; root of context hierarchy
2011-08-07 09:57:47,066 INFO [org.springframework.beans.factory.xml.XmlBeanDefinitionReader] - Loading XML bean definitions from URL [file:/C:/guan/project/epbpim/epbpim/build/classes/applicationContext.xml]
2011-08-07 09:57:47,081 INFO [org.springframework.beans.factory.xml.XmlBeanDefinitionReader] - Loading XML bean definitions from URL [file:/C:/guan/project/epbpim/epbpim/build/classes/com/ryxx/bpim/user/dao/adminrole-bean.xml]
2011-08-07 09:57:47,090 INFO [org.springframework.beans.factory.xml.XmlBeanDefinitionReader] - Loading XML bean definitions from URL [file:/C:/guan/project/epbpim/epbpim/build/classes/com/ryxx/bpim/user/dao/adminmenu-bean.xml]
2011-08-07 09:57:47,098 INFO [org.springframework.context.support.ClassPathXmlApplicationContext] - Bean factory for application context [org.springframework.context.support.ClassPathXmlApplicationContext@1c1ac46]: org.springframework.beans.factory.support.DefaultListableBeanFactory@b1a4e2
2011-08-07 09:57:47,116 INFO [org.springframework.beans.factory.support.DefaultListableBeanFactory] - Pre-instantiating singletons in org.springframework.beans.factory.support.DefaultListableBeanFactory@b1a4e2: defining beans [dataSourceCdm,sessionFactory,transactionManagerCdm,baseTransactionProxyCdm,com.ryxx.bpim.user.dao.AdminRoleDAO,com.ryxx.bpim.user.service.AdminRoleService.target,com.ryxx.bpim.user.service.AdminRoleService,com.ryxx.bpim.user.dao.AdminMenuDAO,com.ryxx.bpim.user.service.AdminMenuService.target,com.ryxx.bpim.user.service.AdminMenuService]; root of factory hierarchy
2011-08-07 09:57:47,190 INFO [org.hibernate.cfg.Environment] - Hibernate 3.3.1.GA
2011-08-07 09:57:47,193 INFO [org.hibernate.cfg.Environment] - hibernate.properties not found
2011-08-07 09:57:47,195 INFO [org.hibernate.cfg.Environment] - Bytecode provider name : javassist
2011-08-07 09:57:47,199 INFO [org.hibernate.cfg.Environment] - using JDK 1.4 java.sql.Timestamp handling
2011-08-07 09:57:47,356 INFO [org.hibernate.cfg.HbmBinder] - Mapping class: com.ryxx.bpim.user.entity.AdminRole -> ADMIN_ROLE
2011-08-07 09:57:47,371 INFO [org.hibernate.cfg.HbmBinder] - Mapping collection: com.ryxx.bpim.user.entity.AdminRole.menuList -> ROLE_MENU_RESTRACTION
2011-08-07 09:57:47,385 INFO [org.hibernate.cfg.HbmBinder] - Mapping class: com.ryxx.bpim.user.entity.AdminMenu -> ADMIN_MENU
2011-08-07 09:57:47,386 INFO [org.hibernate.cfg.HbmBinder] - Mapping collection: com.ryxx.bpim.user.entity.AdminMenu.roleList -> ROLE_MENU_RESTRACTION
2011-08-07 09:57:47,434 INFO [org.springframework.orm.hibernate3.LocalSessionFactoryBean] - Building new Hibernate SessionFactory
2011-08-07 09:57:47,439 INFO [org.hibernate.connection.ConnectionProviderFactory] - Initializing connection provider: org.springframework.orm.hibernate3.LocalDataSourceConnectionProvider
2011-08-07 09:57:47,712 INFO [org.hibernate.cfg.SettingsFactory] - RDBMS: MySQL, version: 5.5.12
2011-08-07 09:57:47,712 INFO [org.hibernate.cfg.SettingsFactory] - JDBC driver: MySQL-AB JDBC Driver, version: mysql-connector-java-5.1.6 ( Revision: ${svn.Revision} )
2011-08-07 09:57:47,736 INFO [org.hibernate.dialect.Dialect] - Using dialect: org.hibernate.dialect.MySQLDialect
2011-08-07 09:57:47,748 INFO [org.hibernate.transaction.TransactionFactoryFactory] - Transaction strategy: org.springframework.orm.hibernate3.SpringTransactionFactory
2011-08-07 09:57:47,750 INFO [org.hibernate.transaction.TransactionManagerLookupFactory] - No TransactionManagerLookup configured (in JTA environment, use of read-write or transactional second-level cache is not recommended)
2011-08-07 09:57:47,750 INFO [org.hibernate.cfg.SettingsFactory] - Automatic flush during beforeCompletion(): disabled
2011-08-07 09:57:47,750 INFO [org.hibernate.cfg.SettingsFactory] - Automatic session close at end of transaction: disabled
2011-08-07 09:57:47,750 INFO [org.hibernate.cfg.SettingsFactory] - JDBC batch size: 1000
2011-08-07 09:57:47,750 INFO [org.hibernate.cfg.SettingsFactory] - JDBC batch updates for versioned data: disabled
2011-08-07 09:57:47,751 INFO [org.hibernate.cfg.SettingsFactory] - Scrollable result sets: enabled
2011-08-07 09:57:47,751 INFO [org.hibernate.cfg.SettingsFactory] - JDBC3 getGeneratedKeys(): enabled
2011-08-07 09:57:47,752 INFO [org.hibernate.cfg.SettingsFactory] - Connection release mode: auto
2011-08-07 09:57:47,753 INFO [org.hibernate.cfg.SettingsFactory] - Maximum outer join fetch depth: 2
2011-08-07 09:57:47,753 INFO [org.hibernate.cfg.SettingsFactory] - Default batch fetch size: 1
2011-08-07 09:57:47,754 INFO [org.hibernate.cfg.SettingsFactory] - Generate SQL with comments: disabled
2011-08-07 09:57:47,754 INFO [org.hibernate.cfg.SettingsFactory] - Order SQL updates by primary key: disabled
2011-08-07 09:57:47,754 INFO [org.hibernate.cfg.SettingsFactory] - Order SQL inserts for batching: disabled
2011-08-07 09:57:47,754 INFO [org.hibernate.cfg.SettingsFactory] - Query translator: org.hibernate.hql.ast.ASTQueryTranslatorFactory
2011-08-07 09:57:47,759 INFO [org.hibernate.hql.ast.ASTQueryTranslatorFactory] - Using ASTQueryTranslatorFactory
2011-08-07 09:57:47,759 INFO [org.hibernate.cfg.SettingsFactory] - Query language substitutions: {}
2011-08-07 09:57:47,759 INFO [org.hibernate.cfg.SettingsFactory] - JPA-QL strict compliance: disabled
2011-08-07 09:57:47,759 INFO [org.hibernate.cfg.SettingsFactory] - Second-level cache: disabled
2011-08-07 09:57:47,759 INFO [org.hibernate.cfg.SettingsFactory] - Query cache: disabled
2011-08-07 09:57:47,759 INFO [org.hibernate.cfg.SettingsFactory] - Cache region factory : org.hibernate.cache.impl.NoCachingRegionFactory
2011-08-07 09:57:47,759 INFO [org.hibernate.cfg.SettingsFactory] - Optimize cache for minimal puts: disabled
2011-08-07 09:57:47,760 INFO [org.hibernate.cfg.SettingsFactory] - Structured second-level cache entries: enabled
2011-08-07 09:57:47,768 INFO [org.hibernate.cfg.SettingsFactory] - Echoing all SQL to stdout
2011-08-07 09:57:47,769 INFO [org.hibernate.cfg.SettingsFactory] - Statistics: disabled
2011-08-07 09:57:47,769 INFO [org.hibernate.cfg.SettingsFactory] - Deleted entity synthetic identifier rollback: disabled
2011-08-07 09:57:47,769 INFO [org.hibernate.cfg.SettingsFactory] - Default entity-mode: pojo
2011-08-07 09:57:47,769 INFO [org.hibernate.cfg.SettingsFactory] - Named query checking : enabled
2011-08-07 09:57:47,820 INFO [org.hibernate.impl.SessionFactoryImpl] - building session factory
2011-08-07 09:57:48,096 INFO [org.hibernate.impl.SessionFactoryObjectFactory] - Not binding factory to JNDI, no JNDI name configured
2011-08-07 09:57:48,106 INFO [org.hibernate.tool.hbm2ddl.SchemaUpdate] - Running hbm2ddl schema update
2011-08-07 09:57:48,106 INFO [org.hibernate.tool.hbm2ddl.SchemaUpdate] - fetching database metadata
2011-08-07 09:57:48,109 INFO [org.hibernate.tool.hbm2ddl.SchemaUpdate] - updating schema
2011-08-07 09:57:48,169 INFO [org.hibernate.tool.hbm2ddl.TableMetadata] - table found: JIANHUI_EPBPIM.admin_menu
2011-08-07 09:57:48,169 INFO [org.hibernate.tool.hbm2ddl.TableMetadata] - columns: [menu_enable, menu_id, menu_index, menu_url, menu_name, parent_menu_id]
2011-08-07 09:57:48,169 INFO [org.hibernate.tool.hbm2ddl.TableMetadata] - foreign keys: []
2011-08-07 09:57:48,170 INFO [org.hibernate.tool.hbm2ddl.TableMetadata] - indexes: [primary]
2011-08-07 09:57:48,199 INFO [org.hibernate.tool.hbm2ddl.TableMetadata] - table found: JIANHUI_EPBPIM.admin_role
2011-08-07 09:57:48,199 INFO [org.hibernate.tool.hbm2ddl.TableMetadata] - columns: [role_id, role_count, role_remark, role_name]
2011-08-07 09:57:48,199 INFO [org.hibernate.tool.hbm2ddl.TableMetadata] - foreign keys: []
2011-08-07 09:57:48,199 INFO [org.hibernate.tool.hbm2ddl.TableMetadata] - indexes: [primary]
2011-08-07 09:57:48,220 INFO [org.hibernate.tool.hbm2ddl.TableMetadata] - table found: JIANHUI_EPBPIM.role_menu_restraction
2011-08-07 09:57:48,220 INFO [org.hibernate.tool.hbm2ddl.TableMetadata] - columns: [menu_id, role_id]
2011-08-07 09:57:48,220 INFO [org.hibernate.tool.hbm2ddl.TableMetadata] - foreign keys: []
2011-08-07 09:57:48,220 INFO [org.hibernate.tool.hbm2ddl.TableMetadata] - indexes: [fk81855c7d7a7d889f, fk81855c7d610ef3ff]
2011-08-07 09:57:48,220 INFO [org.hibernate.tool.hbm2ddl.SchemaUpdate] - schema update complete
2011-08-07 10:02:32,877 INFO [org.springframework.context.support.ClassPathXmlApplicationContext] - Refreshing org.springframework.context.support.ClassPathXmlApplicationContext@161dfb5: display name [org.springframework.context.support.ClassPathXmlApplicationContext@161dfb5]; startup date [Sun Aug 07 10:02:32 CST 2011]; root of context hierarchy
2011-08-07 10:02:32,941 INFO [org.springframework.beans.factory.xml.XmlBeanDefinitionReader] - Loading XML bean definitions from URL [file:/C:/guan/project/epbpim/epbpim/build/classes/spring-defs.xml]
2011-08-07 10:02:33,004 INFO [org.springframework.context.support.ClassPathXmlApplicationContext] - Bean factory for application context [org.springframework.context.support.ClassPathXmlApplicationContext@161dfb5]: org.springframework.beans.factory.support.DefaultListableBeanFactory@1568fb5
2011-08-07 10:02:33,017 INFO [org.springframework.beans.factory.support.DefaultListableBeanFactory] - Pre-instantiating singletons in org.springframework.beans.factory.support.DefaultListableBeanFactory@1568fb5: defining beans [beanDefContext]; root of factory hierarchy
2011-08-07 10:02:33,055 INFO [org.springframework.context.support.ClassPathXmlApplicationContext] - Refreshing org.springframework.context.support.ClassPathXmlApplicationContext@1e0512a: display name [org.springframework.context.support.ClassPathXmlApplicationContext@1e0512a]; startup date [Sun Aug 07 10:02:33 CST 2011]; root of context hierarchy
2011-08-07 10:02:33,056 INFO [org.springframework.beans.factory.xml.XmlBeanDefinitionReader] - Loading XML bean definitions from URL [file:/C:/guan/project/epbpim/epbpim/build/classes/applicationContext.xml]
2011-08-07 10:02:33,070 INFO [org.springframework.beans.factory.xml.XmlBeanDefinitionReader] - Loading XML bean definitions from URL [file:/C:/guan/project/epbpim/epbpim/build/classes/com/ryxx/bpim/user/dao/adminrole-bean.xml]
2011-08-07 10:02:33,078 INFO [org.springframework.beans.factory.xml.XmlBeanDefinitionReader] - Loading XML bean definitions from URL [file:/C:/guan/project/epbpim/epbpim/build/classes/com/ryxx/bpim/user/dao/adminmenu-bean.xml]
2011-08-07 10:02:33,105 INFO [org.springframework.context.support.ClassPathXmlApplicationContext] - Bean factory for application context [org.springframework.context.support.ClassPathXmlApplicationContext@1e0512a]: org.springframework.beans.factory.support.DefaultListableBeanFactory@44f787
2011-08-07 10:02:33,146 INFO [org.springframework.beans.factory.support.DefaultListableBeanFactory] - Pre-instantiating singletons in org.springframework.beans.factory.support.DefaultListableBeanFactory@44f787: defining beans [dataSourceCdm,sessionFactory,transactionManagerCdm,baseTransactionProxyCdm,com.ryxx.bpim.user.dao.AdminRoleDAO,com.ryxx.bpim.user.service.AdminRoleService.target,com.ryxx.bpim.user.service.AdminRoleService,com.ryxx.bpim.user.dao.AdminMenuDAO,com.ryxx.bpim.user.service.AdminMenuService.target,com.ryxx.bpim.user.service.AdminMenuService]; root of factory hierarchy
2011-08-07 10:02:33,215 INFO [org.hibernate.cfg.Environment] - Hibernate 3.3.1.GA
2011-08-07 10:02:33,218 INFO [org.hibernate.cfg.Environment] - hibernate.properties not found
2011-08-07 10:02:33,220 INFO [org.hibernate.cfg.Environment] - Bytecode provider name : javassist
2011-08-07 10:02:33,223 INFO [org.hibernate.cfg.Environment] - using JDK 1.4 java.sql.Timestamp handling
2011-08-07 10:02:33,385 INFO [org.hibernate.cfg.HbmBinder] - Mapping class: com.ryxx.bpim.user.entity.AdminRole -> ADMIN_ROLE
2011-08-07 10:02:33,398 INFO [org.hibernate.cfg.HbmBinder] - Mapping collection: com.ryxx.bpim.user.entity.AdminRole.menuList -> ROLE_MENU_RESTRACTION
2011-08-07 10:02:33,412 INFO [org.hibernate.cfg.HbmBinder] - Mapping class: com.ryxx.bpim.user.entity.AdminMenu -> ADMIN_MENU
2011-08-07 10:02:33,413 INFO [org.hibernate.cfg.HbmBinder] - Mapping collection: com.ryxx.bpim.user.entity.AdminMenu.roleList -> ROLE_MENU_RESTRACTION
2011-08-07 10:02:33,458 INFO [org.springframework.orm.hibernate3.LocalSessionFactoryBean] - Building new Hibernate SessionFactory
2011-08-07 10:02:33,463 INFO [org.hibernate.connection.ConnectionProviderFactory] - Initializing connection provider: org.springframework.orm.hibernate3.LocalDataSourceConnectionProvider
2011-08-07 10:02:33,718 INFO [org.hibernate.cfg.SettingsFactory] - RDBMS: MySQL, version: 5.5.12
2011-08-07 10:02:33,718 INFO [org.hibernate.cfg.SettingsFactory] - JDBC driver: MySQL-AB JDBC Driver, version: mysql-connector-java-5.1.6 ( Revision: ${svn.Revision} )
2011-08-07 10:02:33,736 INFO [org.hibernate.dialect.Dialect] - Using dialect: org.hibernate.dialect.MySQLDialect
2011-08-07 10:02:33,747 INFO [org.hibernate.transaction.TransactionFactoryFactory] - Transaction strategy: org.springframework.orm.hibernate3.SpringTransactionFactory
2011-08-07 10:02:33,748 INFO [org.hibernate.transaction.TransactionManagerLookupFactory] - No TransactionManagerLookup configured (in JTA environment, use of read-write or transactional second-level cache is not recommended)
2011-08-07 10:02:33,748 INFO [org.hibernate.cfg.SettingsFactory] - Automatic flush during beforeCompletion(): disabled
2011-08-07 10:02:33,748 INFO [org.hibernate.cfg.SettingsFactory] - Automatic session close at end of transaction: disabled
2011-08-07 10:02:33,748 INFO [org.hibernate.cfg.SettingsFactory] - JDBC batch size: 1000
2011-08-07 10:02:33,748 INFO [org.hibernate.cfg.SettingsFactory] - JDBC batch updates for versioned data: disabled
2011-08-07 10:02:33,749 INFO [org.hibernate.cfg.SettingsFactory] - Scrollable result sets: enabled
2011-08-07 10:02:33,750 INFO [org.hibernate.cfg.SettingsFactory] - JDBC3 getGeneratedKeys(): enabled
2011-08-07 10:02:33,750 INFO [org.hibernate.cfg.SettingsFactory] - Connection release mode: auto
2011-08-07 10:02:33,751 INFO [org.hibernate.cfg.SettingsFactory] - Maximum outer join fetch depth: 2
2011-08-07 10:02:33,751 INFO [org.hibernate.cfg.SettingsFactory] - Default batch fetch size: 1
2011-08-07 10:02:33,751 INFO [org.hibernate.cfg.SettingsFactory] - Generate SQL with comments: disabled
2011-08-07 10:02:33,751 INFO [org.hibernate.cfg.SettingsFactory] - Order SQL updates by primary key: disabled
2011-08-07 10:02:33,751 INFO [org.hibernate.cfg.SettingsFactory] - Order SQL inserts for batching: disabled
2011-08-07 10:02:33,751 INFO [org.hibernate.cfg.SettingsFactory] - Query translator: org.hibernate.hql.ast.ASTQueryTranslatorFactory
2011-08-07 10:02:33,754 INFO [org.hibernate.hql.ast.ASTQueryTranslatorFactory] - Using ASTQueryTranslatorFactory
2011-08-07 10:02:33,754 INFO [org.hibernate.cfg.SettingsFactory] - Query language substitutions: {}
2011-08-07 10:02:33,755 INFO [org.hibernate.cfg.SettingsFactory] - JPA-QL strict compliance: disabled
2011-08-07 10:02:33,755 INFO [org.hibernate.cfg.SettingsFactory] - Second-level cache: disabled
2011-08-07 10:02:33,755 INFO [org.hibernate.cfg.SettingsFactory] - Query cache: disabled
2011-08-07 10:02:33,755 INFO [org.hibernate.cfg.SettingsFactory] - Cache region factory : org.hibernate.cache.impl.NoCachingRegionFactory
2011-08-07 10:02:33,755 INFO [org.hibernate.cfg.SettingsFactory] - Optimize cache for minimal puts: disabled
2011-08-07 10:02:33,755 INFO [org.hibernate.cfg.SettingsFactory] - Structured second-level cache entries: enabled
2011-08-07 10:02:33,762 INFO [org.hibernate.cfg.SettingsFactory] - Echoing all SQL to stdout
2011-08-07 10:02:33,763 INFO [org.hibernate.cfg.SettingsFactory] - Statistics: disabled
2011-08-07 10:02:33,763 INFO [org.hibernate.cfg.SettingsFactory] - Deleted entity synthetic identifier rollback: disabled
2011-08-07 10:02:33,763 INFO [org.hibernate.cfg.SettingsFactory] - Default entity-mode: pojo
2011-08-07 10:02:33,763 INFO [org.hibernate.cfg.SettingsFactory] - Named query checking : enabled
2011-08-07 10:02:33,809 INFO [org.hibernate.impl.SessionFactoryImpl] - building session factory
2011-08-07 10:02:34,030 INFO [org.hibernate.impl.SessionFactoryObjectFactory] - Not binding factory to JNDI, no JNDI name configured
2011-08-07 10:02:34,037 INFO [org.hibernate.tool.hbm2ddl.SchemaUpdate] - Running hbm2ddl schema update
2011-08-07 10:02:34,037 INFO [org.hibernate.tool.hbm2ddl.SchemaUpdate] - fetching database metadata
2011-08-07 10:02:34,039 INFO [org.hibernate.tool.hbm2ddl.SchemaUpdate] - updating schema
2011-08-07 10:02:34,104 INFO [org.hibernate.tool.hbm2ddl.TableMetadata] - table found: JIANHUI_EPBPIM.admin_menu
2011-08-07 10:02:34,104 INFO [org.hibernate.tool.hbm2ddl.TableMetadata] - columns: [menu_enable, menu_id, menu_index, menu_url, menu_name, parent_menu_id]
2011-08-07 10:02:34,104 INFO [org.hibernate.tool.hbm2ddl.TableMetadata] - foreign keys: []
2011-08-07 10:02:34,104 INFO [org.hibernate.tool.hbm2ddl.TableMetadata] - indexes: [primary]
2011-08-07 10:02:34,129 INFO [org.hibernate.tool.hbm2ddl.TableMetadata] - table found: JIANHUI_EPBPIM.admin_role
2011-08-07 10:02:34,129 INFO [org.hibernate.tool.hbm2ddl.TableMetadata] - columns: [role_id, role_count, role_remark, role_name]
2011-08-07 10:02:34,130 INFO [org.hibernate.tool.hbm2ddl.TableMetadata] - foreign keys: []
2011-08-07 10:02:34,130 INFO [org.hibernate.tool.hbm2ddl.TableMetadata] - indexes: [primary]
2011-08-07 10:02:34,151 INFO [org.hibernate.tool.hbm2ddl.TableMetadata] - table found: JIANHUI_EPBPIM.role_menu_restraction
2011-08-07 10:02:34,151 INFO [org.hibernate.tool.hbm2ddl.TableMetadata] - columns: [menu_id, role_id]
2011-08-07 10:02:34,151 INFO [org.hibernate.tool.hbm2ddl.TableMetadata] - foreign keys: []
2011-08-07 10:02:34,151 INFO [org.hibernate.tool.hbm2ddl.TableMetadata] - indexes: [fk81855c7d7a7d889f, fk81855c7d610ef3ff]
2011-08-07 10:02:34,151 INFO [org.hibernate.tool.hbm2ddl.SchemaUpdate] - schema update complete
2011-08-07 10:55:20,779 INFO [org.springframework.context.support.ClassPathXmlApplicationContext] - Refreshing org.springframework.context.support.ClassPathXmlApplicationContext@f99ff5: display name [org.springframework.context.support.ClassPathXmlApplicationContext@f99ff5]; startup date [Sun Aug 07 10:55:20 CST 2011]; root of context hierarchy
2011-08-07 10:55:20,834 INFO [org.springframework.beans.factory.xml.XmlBeanDefinitionReader] - Loading XML bean definitions from URL [file:/C:/guan/project/epbpim/epbpim/build/classes/spring-defs.xml]
2011-08-07 10:55:20,895 INFO [org.springframework.context.support.ClassPathXmlApplicationContext] - Bean factory for application context [org.springframework.context.support.ClassPathXmlApplicationContext@f99ff5]: org.springframework.beans.factory.support.DefaultListableBeanFactory@497934
2011-08-07 10:55:20,910 INFO [org.springframework.beans.factory.support.DefaultListableBeanFactory] - Pre-instantiating singletons in org.springframework.beans.factory.support.DefaultListableBeanFactory@497934: defining beans [beanDefContext]; root of factory hierarchy
2011-08-07 10:55:20,951 INFO [org.springframework.context.support.ClassPathXmlApplicationContext] - Refreshing org.springframework.context.support.ClassPathXmlApplicationContext@1a082e2: display name [org.springframework.context.support.ClassPathXmlApplicationContext@1a082e2]; startup date [Sun Aug 07 10:55:20 CST 2011]; root of context hierarchy
2011-08-07 10:55:20,952 INFO [org.springframework.beans.factory.xml.XmlBeanDefinitionReader] - Loading XML bean definitions from URL [file:/C:/guan/project/epbpim/epbpim/build/classes/applicationContext.xml]
2011-08-07 10:55:20,969 INFO [org.springframework.beans.factory.xml.XmlBeanDefinitionReader] - Loading XML bean definitions from URL [file:/C:/guan/project/epbpim/epbpim/build/classes/com/ryxx/bpim/user/dao/adminrole-bean.xml]
2011-08-07 10:55:20,980 INFO [org.springframework.beans.factory.xml.XmlBeanDefinitionReader] - Loading XML bean definitions from URL [file:/C:/guan/project/epbpim/epbpim/build/classes/com/ryxx/bpim/user/dao/adminmenu-bean.xml]
2011-08-07 10:55:20,987 INFO [org.springframework.context.support.ClassPathXmlApplicationContext] - Bean factory for application context [org.springframework.context.support.ClassPathXmlApplicationContext@1a082e2]: org.springframework.beans.factory.support.DefaultListableBeanFactory@1e845c2
2011-08-07 10:55:21,004 INFO [org.springframework.beans.factory.support.DefaultListableBeanFactory] - Pre-instantiating singletons in org.springframework.beans.factory.support.DefaultListableBeanFactory@1e845c2: defining beans [dataSourceCdm,sessionFactory,transactionManagerCdm,baseTransactionProxyCdm,com.ryxx.bpim.user.dao.AdminRoleDAO,com.ryxx.bpim.user.service.AdminRoleService.target,com.ryxx.bpim.user.service.AdminRoleService,com.ryxx.bpim.user.dao.AdminMenuDAO,com.ryxx.bpim.user.service.AdminMenuService.target,com.ryxx.bpim.user.service.AdminMenuService]; root of factory hierarchy
2011-08-07 10:55:21,065 INFO [org.hibernate.cfg.Environment] - Hibernate 3.3.1.GA
2011-08-07 10:55:21,069 INFO [org.hibernate.cfg.Environment] - hibernate.properties not found
2011-08-07 10:55:21,071 INFO [org.hibernate.cfg.Environment] - Bytecode provider name : javassist
2011-08-07 10:55:21,075 INFO [org.hibernate.cfg.Environment] - using JDK 1.4 java.sql.Timestamp handling
2011-08-07 10:55:21,201 INFO [org.hibernate.cfg.HbmBinder] - Mapping class: com.ryxx.bpim.user.entity.AdminRole -> ADMIN_ROLE
2011-08-07 10:55:21,215 INFO [org.hibernate.cfg.HbmBinder] - Mapping collection: com.ryxx.bpim.user.entity.AdminRole.menuList -> ROLE_MENU_RESTRACTION
2011-08-07 10:55:21,233 INFO [org.hibernate.cfg.HbmBinder] - Mapping class: com.ryxx.bpim.user.entity.AdminMenu -> ADMIN_MENU
2011-08-07 10:55:21,233 INFO [org.hibernate.cfg.HbmBinder] - Mapping collection: com.ryxx.bpim.user.entity.AdminMenu.roleList -> ROLE_MENU_RESTRACTION
2011-08-07 10:55:21,272 INFO [org.springframework.orm.hibernate3.LocalSessionFactoryBean] - Building new Hibernate SessionFactory
2011-08-07 10:55:21,277 INFO [org.hibernate.connection.ConnectionProviderFactory] - Initializing connection provider: org.springframework.orm.hibernate3.LocalDataSourceConnectionProvider
2011-08-07 10:55:21,493 INFO [org.hibernate.cfg.SettingsFactory] - RDBMS: MySQL, version: 5.5.12
2011-08-07 10:55:21,493 INFO [org.hibernate.cfg.SettingsFactory] - JDBC driver: MySQL-AB JDBC Driver, version: mysql-connector-java-5.1.6 ( Revision: ${svn.Revision} )
2011-08-07 10:55:21,503 INFO [org.hibernate.dialect.Dialect] - Using dialect: org.hibernate.dialect.MySQLDialect
2011-08-07 10:55:21,506 INFO [org.hibernate.transaction.TransactionFactoryFactory] - Transaction strategy: org.springframework.orm.hibernate3.SpringTransactionFactory
2011-08-07 10:55:21,506 INFO [org.hibernate.transaction.TransactionManagerLookupFactory] - No TransactionManagerLookup configured (in JTA environment, use of read-write or transactional second-level cache is not recommended)
2011-08-07 10:55:21,506 INFO [org.hibernate.cfg.SettingsFactory] - Automatic flush during beforeCompletion(): disabled
2011-08-07 10:55:21,506 INFO [org.hibernate.cfg.SettingsFactory] - Automatic session close at end of transaction: disabled
2011-08-07 10:55:21,506 INFO [org.hibernate.cfg.SettingsFactory] - JDBC batch size: 1000
2011-08-07 10:55:21,506 INFO [org.hibernate.cfg.SettingsFactory] - JDBC batch updates for versioned data: disabled
2011-08-07 10:55:21,507 INFO [org.hibernate.cfg.SettingsFactory] - Scrollable result sets: enabled
2011-08-07 10:55:21,507 INFO [org.hibernate.cfg.SettingsFactory] - JDBC3 getGeneratedKeys(): enabled
2011-08-07 10:55:21,507 INFO [org.hibernate.cfg.SettingsFactory] - Connection release mode: auto
2011-08-07 10:55:21,508 INFO [org.hibernate.cfg.SettingsFactory] - Maximum outer join fetch depth: 2
2011-08-07 10:55:21,508 INFO [org.hibernate.cfg.SettingsFactory] - Default batch fetch size: 1
2011-08-07 10:55:21,508 INFO [org.hibernate.cfg.SettingsFactory] - Generate SQL with comments: disabled
2011-08-07 10:55:21,508 INFO [org.hibernate.cfg.SettingsFactory] - Order SQL updates by primary key: disabled
2011-08-07 10:55:21,512 INFO [org.hibernate.cfg.SettingsFactory] - Order SQL inserts for batching: disabled
2011-08-07 10:55:21,512 INFO [org.hibernate.cfg.SettingsFactory] - Query translator: org.hibernate.hql.ast.ASTQueryTranslatorFactory
2011-08-07 10:55:21,514 INFO [org.hibernate.hql.ast.ASTQueryTranslatorFactory] - Using ASTQueryTranslatorFactory
2011-08-07 10:55:21,514 INFO [org.hibernate.cfg.SettingsFactory] - Query language substitutions: {}
2011-08-07 10:55:21,514 INFO [org.hibernate.cfg.SettingsFactory] - JPA-QL strict compliance: disabled
2011-08-07 10:55:21,514 INFO [org.hibernate.cfg.SettingsFactory] - Second-level cache: disabled
2011-08-07 10:55:21,514 INFO [org.hibernate.cfg.SettingsFactory] - Query cache: disabled
2011-08-07 10:55:21,514 INFO [org.hibernate.cfg.SettingsFactory] - Cache region factory : org.hibernate.cache.impl.NoCachingRegionFactory
2011-08-07 10:55:21,515 INFO [org.hibernate.cfg.SettingsFactory] - Optimize cache for minimal puts: disabled
2011-08-07 10:55:21,515 INFO [org.hibernate.cfg.SettingsFactory] - Structured second-level cache entries: enabled
2011-08-07 10:55:21,517 INFO [org.hibernate.cfg.SettingsFactory] - Echoing all SQL to stdout
2011-08-07 10:55:21,518 INFO [org.hibernate.cfg.SettingsFactory] - Statistics: disabled
2011-08-07 10:55:21,518 INFO [org.hibernate.cfg.SettingsFactory] - Deleted entity synthetic identifier rollback: disabled
2011-08-07 10:55:21,518 INFO [org.hibernate.cfg.SettingsFactory] - Default entity-mode: pojo
2011-08-07 10:55:21,518 INFO [org.hibernate.cfg.SettingsFactory] - Named query checking : enabled
2011-08-07 10:55:21,546 INFO [org.hibernate.impl.SessionFactoryImpl] - building session factory
2011-08-07 10:55:21,721 INFO [org.hibernate.impl.SessionFactoryObjectFactory] - Not binding factory to JNDI, no JNDI name configured
2011-08-07 10:55:21,726 INFO [org.hibernate.tool.hbm2ddl.SchemaUpdate] - Running hbm2ddl schema update
2011-08-07 10:55:21,727 INFO [org.hibernate.tool.hbm2ddl.SchemaUpdate] - fetching database metadata
2011-08-07 10:55:21,728 INFO [org.hibernate.tool.hbm2ddl.SchemaUpdate] - updating schema
2011-08-07 10:55:21,807 INFO [org.hibernate.tool.hbm2ddl.TableMetadata] - table found: JIANHUI_EPBPIM.admin_menu
2011-08-07 10:55:21,807 INFO [org.hibernate.tool.hbm2ddl.TableMetadata] - columns: [menu_enable, menu_id, menu_index, menu_url, menu_name, parent_menu_id]
2011-08-07 10:55:21,807 INFO [org.hibernate.tool.hbm2ddl.TableMetadata] - foreign keys: []
2011-08-07 10:55:21,807 INFO [org.hibernate.tool.hbm2ddl.TableMetadata] - indexes: [primary]
2011-08-07 10:55:21,873 INFO [org.hibernate.tool.hbm2ddl.TableMetadata] - table found: JIANHUI_EPBPIM.admin_role
2011-08-07 10:55:21,873 INFO [org.hibernate.tool.hbm2ddl.TableMetadata] - columns: [role_id, role_count, role_remark, role_name]
2011-08-07 10:55:21,873 INFO [org.hibernate.tool.hbm2ddl.TableMetadata] - foreign keys: []
2011-08-07 10:55:21,873 INFO [org.hibernate.tool.hbm2ddl.TableMetadata] - indexes: [primary]
2011-08-07 10:55:21,932 INFO [org.hibernate.tool.hbm2ddl.TableMetadata] - table found: JIANHUI_EPBPIM.role_menu_restraction
2011-08-07 10:55:21,932 INFO [org.hibernate.tool.hbm2ddl.TableMetadata] - columns: [menu_id, role_id]
2011-08-07 10:55:21,932 INFO [org.hibernate.tool.hbm2ddl.TableMetadata] - foreign keys: []
2011-08-07 10:55:21,933 INFO [org.hibernate.tool.hbm2ddl.TableMetadata] - indexes: [fk81855c7d7a7d889f, fk81855c7d610ef3ff]
2011-08-07 10:55:21,934 INFO [org.hibernate.tool.hbm2ddl.SchemaUpdate] - schema update complete
2011-08-07 11:01:10,918 INFO [org.springframework.context.support.ClassPathXmlApplicationContext] - Refreshing org.springframework.context.support.ClassPathXmlApplicationContext@f99ff5: display name [org.springframework.context.support.ClassPathXmlApplicationContext@f99ff5]; startup date [Sun Aug 07 11:01:10 CST 2011]; root of context hierarchy
2011-08-07 11:01:10,974 INFO [org.springframework.beans.factory.xml.XmlBeanDefinitionReader] - Loading XML bean definitions from URL [file:/C:/guan/project/epbpim/epbpim/build/classes/spring-defs.xml]
2011-08-07 11:01:11,044 INFO [org.springframework.context.support.ClassPathXmlApplicationContext] - Bean factory for application context [org.springframework.context.support.ClassPathXmlApplicationContext@f99ff5]: org.springframework.beans.factory.support.DefaultListableBeanFactory@18c56d
2011-08-07 11:01:11,056 INFO [org.springframework.beans.factory.support.DefaultListableBeanFactory] - Pre-instantiating singletons in org.springframework.beans.factory.support.DefaultListableBeanFactory@18c56d: defining beans [beanDefContext]; root of factory hierarchy
2011-08-07 11:01:11,093 INFO [org.springframework.context.support.ClassPathXmlApplicationContext] - Refreshing org.springframework.context.support.ClassPathXmlApplicationContext@1aaf0b3: display name [org.springframework.context.support.ClassPathXmlApplicationContext@1aaf0b3]; startup date [Sun Aug 07 11:01:11 CST 2011]; root of context hierarchy
2011-08-07 11:01:11,094 INFO [org.springframework.beans.factory.xml.XmlBeanDefinitionReader] - Loading XML bean definitions from class path resource [WEB-INF/classes/applicationContext.xml]
2011-08-07 11:01:11,095 INFO [org.springframework.beans.factory.support.DefaultListableBeanFactory] - Destroying singletons in org.springframework.beans.factory.support.DefaultListableBeanFactory@18c56d: defining beans [beanDefContext]; root of factory hierarchy
2011-08-07 11:01:37,181 INFO [org.springframework.context.support.ClassPathXmlApplicationContext] - Refreshing org.springframework.context.support.ClassPathXmlApplicationContext@74c3aa: display name [org.springframework.context.support.ClassPathXmlApplicationContext@74c3aa]; startup date [Sun Aug 07 11:01:37 CST 2011]; root of context hierarchy
2011-08-07 11:01:37,237 INFO [org.springframework.beans.factory.xml.XmlBeanDefinitionReader] - Loading XML bean definitions from URL [file:/C:/guan/project/epbpim/epbpim/build/classes/spring-defs.xml]
2011-08-07 11:01:37,307 INFO [org.springframework.context.support.ClassPathXmlApplicationContext] - Bean factory for application context [org.springframework.context.support.ClassPathXmlApplicationContext@74c3aa]: org.springframework.beans.factory.support.DefaultListableBeanFactory@497934
2011-08-07 11:01:37,320 INFO [org.springframework.beans.factory.support.DefaultListableBeanFactory] - Pre-instantiating singletons in org.springframework.beans.factory.support.DefaultListableBeanFactory@497934: defining beans [beanDefContext]; root of factory hierarchy
2011-08-07 11:01:37,356 INFO [org.springframework.context.support.ClassPathXmlApplicationContext] - Refreshing org.springframework.context.support.ClassPathXmlApplicationContext@1a082e2: display name [org.springframework.context.support.ClassPathXmlApplicationContext@1a082e2]; startup date [Sun Aug 07 11:01:37 CST 2011]; root of context hierarchy
2011-08-07 11:01:37,357 INFO [org.springframework.beans.factory.xml.XmlBeanDefinitionReader] - Loading XML bean definitions from URL [file:/C:/guan/project/epbpim/epbpim/build/classes/applicationContext.xml]
2011-08-07 11:01:37,371 INFO [org.springframework.beans.factory.xml.XmlBeanDefinitionReader] - Loading XML bean definitions from URL [file:/C:/guan/project/epbpim/epbpim/build/classes/com/ryxx/bpim/user/dao/adminrole-bean.xml]
2011-08-07 11:01:37,379 INFO [org.springframework.beans.factory.xml.XmlBeanDefinitionReader] - Loading XML bean definitions from URL [file:/C:/guan/project/epbpim/epbpim/build/classes/com/ryxx/bpim/user/dao/adminmenu-bean.xml]
2011-08-07 11:01:37,387 INFO [org.springframework.context.support.ClassPathXmlApplicationContext] - Bean factory for application context [org.springframework.context.support.ClassPathXmlApplicationContext@1a082e2]: org.springframework.beans.factory.support.DefaultListableBeanFactory@1e845c2
2011-08-07 11:01:37,410 INFO [org.springframework.beans.factory.support.DefaultListableBeanFactory] - Pre-instantiating singletons in org.springframework.beans.factory.support.DefaultListableBeanFactory@1e845c2: defining beans [dataSourceCdm,sessionFactory,transactionManagerCdm,baseTransactionProxyCdm,com.ryxx.bpim.user.dao.AdminRoleDAO,com.ryxx.bpim.user.service.AdminRoleService.target,com.ryxx.bpim.user.service.AdminRoleService,com.ryxx.bpim.user.dao.AdminMenuDAO,com.ryxx.bpim.user.service.AdminMenuService.target,com.ryxx.bpim.user.service.AdminMenuService]; root of factory hierarchy
2011-08-07 11:01:37,472 INFO [org.hibernate.cfg.Environment] - Hibernate 3.3.1.GA
2011-08-07 11:01:37,476 INFO [org.hibernate.cfg.Environment] - hibernate.properties not found
2011-08-07 11:01:37,479 INFO [org.hibernate.cfg.Environment] - Bytecode provider name : javassist
2011-08-07 11:01:37,482 INFO [org.hibernate.cfg.Environment] - using JDK 1.4 java.sql.Timestamp handling
2011-08-07 11:01:37,646 INFO [org.hibernate.cfg.HbmBinder] - Mapping class: com.ryxx.bpim.user.entity.AdminRole -> ADMIN_ROLE
2011-08-07 11:01:37,663 INFO [org.hibernate.cfg.HbmBinder] - Mapping collection: com.ryxx.bpim.user.entity.AdminRole.menuList -> ROLE_MENU_RESTRACTION
2011-08-07 11:01:37,677 INFO [org.hibernate.cfg.HbmBinder] - Mapping class: com.ryxx.bpim.user.entity.AdminMenu -> ADMIN_MENU
2011-08-07 11:01:37,677 INFO [org.hibernate.cfg.HbmBinder] - Mapping collection: com.ryxx.bpim.user.entity.AdminMenu.roleList -> ROLE_MENU_RESTRACTION
2011-08-07 11:01:37,726 INFO [org.springframework.orm.hibernate3.LocalSessionFactoryBean] - Building new Hibernate SessionFactory
2011-08-07 11:01:37,731 INFO [org.hibernate.connection.ConnectionProviderFactory] - Initializing connection provider: org.springframework.orm.hibernate3.LocalDataSourceConnectionProvider
2011-08-07 11:01:38,074 INFO [org.hibernate.cfg.SettingsFactory] - RDBMS: MySQL, version: 5.5.12
2011-08-07 11:01:38,074 INFO [org.hibernate.cfg.SettingsFactory] - JDBC driver: MySQL-AB JDBC Driver, version: mysql-connector-java-5.1.6 ( Revision: ${svn.Revision} )
2011-08-07 11:01:38,084 INFO [org.hibernate.dialect.Dialect] - Using dialect: org.hibernate.dialect.MySQLDialect
2011-08-07 11:01:38,087 INFO [org.hibernate.transaction.TransactionFactoryFactory] - Transaction strategy: org.springframework.orm.hibernate3.SpringTransactionFactory
2011-08-07 11:01:38,087 INFO [org.hibernate.transaction.TransactionManagerLookupFactory] - No TransactionManagerLookup configured (in JTA environment, use of read-write or transactional second-level cache is not recommended)
2011-08-07 11:01:38,087 INFO [org.hibernate.cfg.SettingsFactory] - Automatic flush during beforeCompletion(): disabled
2011-08-07 11:01:38,088 INFO [org.hibernate.cfg.SettingsFactory] - Automatic session close at end of transaction: disabled
2011-08-07 11:01:38,088 INFO [org.hibernate.cfg.SettingsFactory] - JDBC batch size: 1000
2011-08-07 11:01:38,088 INFO [org.hibernate.cfg.SettingsFactory] - JDBC batch updates for versioned data: disabled
2011-08-07 11:01:38,088 INFO [org.hibernate.cfg.SettingsFactory] - Scrollable result sets: enabled
2011-08-07 11:01:38,088 INFO [org.hibernate.cfg.SettingsFactory] - JDBC3 getGeneratedKeys(): enabled
2011-08-07 11:01:38,088 INFO [org.hibernate.cfg.SettingsFactory] - Connection release mode: auto
2011-08-07 11:01:38,089 INFO [org.hibernate.cfg.SettingsFactory] - Maximum outer join fetch depth: 2
2011-08-07 11:01:38,089 INFO [org.hibernate.cfg.SettingsFactory] - Default batch fetch size: 1
2011-08-07 11:01:38,089 INFO [org.hibernate.cfg.SettingsFactory] - Generate SQL with comments: disabled
2011-08-07 11:01:38,089 INFO [org.hibernate.cfg.SettingsFactory] - Order SQL updates by primary key: disabled
2011-08-07 11:01:38,094 INFO [org.hibernate.cfg.SettingsFactory] - Order SQL inserts for batching: disabled
2011-08-07 11:01:38,094 INFO [org.hibernate.cfg.SettingsFactory] - Query translator: org.hibernate.hql.ast.ASTQueryTranslatorFactory
2011-08-07 11:01:38,096 INFO [org.hibernate.hql.ast.ASTQueryTranslatorFactory] - Using ASTQueryTranslatorFactory
2011-08-07 11:01:38,096 INFO [org.hibernate.cfg.SettingsFactory] - Query language substitutions: {}
2011-08-07 11:01:38,096 INFO [org.hibernate.cfg.SettingsFactory] - JPA-QL strict compliance: disabled
2011-08-07 11:01:38,096 INFO [org.hibernate.cfg.SettingsFactory] - Second-level cache: disabled
2011-08-07 11:01:38,096 INFO [org.hibernate.cfg.SettingsFactory] - Query cache: disabled
2011-08-07 11:01:38,096 INFO [org.hibernate.cfg.SettingsFactory] - Cache region factory : org.hibernate.cache.impl.NoCachingRegionFactory
2011-08-07 11:01:38,096 INFO [org.hibernate.cfg.SettingsFactory] - Optimize cache for minimal puts: disabled
2011-08-07 11:01:38,096 INFO [org.hibernate.cfg.SettingsFactory] - Structured second-level cache entries: enabled
2011-08-07 11:01:38,099 INFO [org.hibernate.cfg.SettingsFactory] - Echoing all SQL to stdout
2011-08-07 11:01:38,099 INFO [org.hibernate.cfg.SettingsFactory] - Statistics: disabled
2011-08-07 11:01:38,100 INFO [org.hibernate.cfg.SettingsFactory] - Deleted entity synthetic identifier rollback: disabled
2011-08-07 11:01:38,100 INFO [org.hibernate.cfg.SettingsFactory] - Default entity-mode: pojo
2011-08-07 11:01:38,100 INFO [org.hibernate.cfg.SettingsFactory] - Named query checking : enabled
2011-08-07 11:01:38,132 INFO [org.hibernate.impl.SessionFactoryImpl] - building session factory
2011-08-07 11:01:38,296 INFO [org.hibernate.impl.SessionFactoryObjectFactory] - Not binding factory to JNDI, no JNDI name configured
2011-08-07 11:01:38,302 INFO [org.hibernate.tool.hbm2ddl.SchemaUpdate] - Running hbm2ddl schema update
2011-08-07 11:01:38,302 INFO [org.hibernate.tool.hbm2ddl.SchemaUpdate] - fetching database metadata
2011-08-07 11:01:38,304 INFO [org.hibernate.tool.hbm2ddl.SchemaUpdate] - updating schema
2011-08-07 11:01:38,342 INFO [org.hibernate.tool.hbm2ddl.TableMetadata] - table found: JIANHUI_EPBPIM.admin_menu
2011-08-07 11:01:38,342 INFO [org.hibernate.tool.hbm2ddl.TableMetadata] - columns: [menu_enable, menu_id, menu_index, menu_url, menu_name, parent_menu_id]
2011-08-07 11:01:38,342 INFO [org.hibernate.tool.hbm2ddl.TableMetadata] - foreign keys: []
2011-08-07 11:01:38,342 INFO [org.hibernate.tool.hbm2ddl.TableMetadata] - indexes: [primary]
2011-08-07 11:01:38,367 INFO [org.hibernate.tool.hbm2ddl.TableMetadata] - table found: JIANHUI_EPBPIM.admin_role
2011-08-07 11:01:38,367 INFO [org.hibernate.tool.hbm2ddl.TableMetadata] - columns: [role_id, role_count, role_remark, role_name]
2011-08-07 11:01:38,367 INFO [org.hibernate.tool.hbm2ddl.TableMetadata] - foreign keys: []
2011-08-07 11:01:38,367 INFO [org.hibernate.tool.hbm2ddl.TableMetadata] - indexes: [primary]
2011-08-07 11:01:38,394 INFO [org.hibernate.tool.hbm2ddl.TableMetadata] - table found: JIANHUI_EPBPIM.role_menu_restraction
2011-08-07 11:01:38,394 INFO [org.hibernate.tool.hbm2ddl.TableMetadata] - columns: [menu_id, role_id]
2011-08-07 11:01:38,395 INFO [org.hibernate.tool.hbm2ddl.TableMetadata] - foreign keys: []
2011-08-07 11:01:38,395 INFO [org.hibernate.tool.hbm2ddl.TableMetadata] - indexes: [fk81855c7d7a7d889f, fk81855c7d610ef3ff]
2011-08-07 11:01:38,395 INFO [org.hibernate.tool.hbm2ddl.SchemaUpdate] - schema update complete
